{"/home/viktor/project/frontend-project-lvl2/src/lib/comparator.js": {"path":"/home/viktor/project/frontend-project-lvl2/src/lib/comparator.js","statementMap":{"0":{"start":{"line":1,"column":0},"end":{"line":1,"column":43}},"1":{"start":{"line":2,"column":0},"end":{"line":2,"column":42}},"2":{"start":{"line":3,"column":0},"end":{"line":3,"column":43}},"3":{"start":{"line":4,"column":0},"end":{"line":4,"column":42}},"4":{"start":{"line":5,"column":0},"end":{"line":5,"column":90}},"5":{"start":{"line":6,"column":0},"end":{"line":6,"column":33}},"6":{"start":{"line":7,"column":0},"end":{"line":7,"column":62}},"7":{"start":{"line":8,"column":0},"end":{"line":8,"column":48}},"8":{"start":{"line":9,"column":0},"end":{"line":9,"column":5}},"9":{"start":{"line":10,"column":0},"end":{"line":10,"column":0}},"10":{"start":{"line":11,"column":0},"end":{"line":11,"column":62}},"11":{"start":{"line":12,"column":0},"end":{"line":12,"column":47}},"12":{"start":{"line":13,"column":0},"end":{"line":13,"column":5}},"13":{"start":{"line":14,"column":0},"end":{"line":14,"column":0}},"14":{"start":{"line":15,"column":0},"end":{"line":15,"column":69}},"15":{"start":{"line":16,"column":0},"end":{"line":16,"column":66}},"16":{"start":{"line":17,"column":0},"end":{"line":17,"column":9}},"17":{"start":{"line":18,"column":0},"end":{"line":18,"column":2}},"18":{"start":{"line":19,"column":0},"end":{"line":19,"column":0}},"19":{"start":{"line":20,"column":0},"end":{"line":20,"column":30}},"20":{"start":{"line":21,"column":0},"end":{"line":21,"column":36}},"21":{"start":{"line":22,"column":0},"end":{"line":22,"column":36}},"22":{"start":{"line":23,"column":0},"end":{"line":23,"column":50}},"23":{"start":{"line":24,"column":0},"end":{"line":24,"column":47}},"24":{"start":{"line":25,"column":0},"end":{"line":25,"column":68}},"25":{"start":{"line":26,"column":0},"end":{"line":26,"column":23}},"26":{"start":{"line":27,"column":0},"end":{"line":27,"column":2}}},"s":{"0":2,"1":2,"2":2,"3":25,"4":2,"5":9,"6":9,"7":9,"8":5,"9":5,"10":9,"11":9,"12":1,"13":1,"14":1,"15":1,"16":2,"17":2,"18":2,"19":2,"20":2,"21":2,"22":2,"23":2,"24":1,"25":1,"26":1},"branchMap":{"0":{"type":"branch","line":1,"loc":{"start":{"line":1,"column":0},"end":{"line":25,"column":7}},"locations":[{"start":{"line":1,"column":0},"end":{"line":25,"column":7}}]},"1":{"type":"branch","line":1,"loc":{"start":{"line":1,"column":0},"end":{"line":15,"column":59}},"locations":[{"start":{"line":1,"column":0},"end":{"line":15,"column":59}}]},"2":{"type":"branch","line":1,"loc":{"start":{"line":1,"column":17},"end":{"line":1,"column":40}},"locations":[{"start":{"line":1,"column":17},"end":{"line":1,"column":40}}]},"3":{"type":"branch","line":2,"loc":{"start":{"line":2,"column":17},"end":{"line":2,"column":39}},"locations":[{"start":{"line":2,"column":17},"end":{"line":2,"column":39}}]},"4":{"type":"branch","line":3,"loc":{"start":{"line":3,"column":23},"end":{"line":5,"column":0}},"locations":[{"start":{"line":3,"column":23},"end":{"line":5,"column":0}}]},"5":{"type":"branch","line":5,"loc":{"start":{"line":5,"column":22},"end":{"line":15,"column":51}},"locations":[{"start":{"line":5,"column":22},"end":{"line":15,"column":51}}]},"6":{"type":"branch","line":5,"loc":{"start":{"line":5,"column":68},"end":{"line":6,"column":4}},"locations":[{"start":{"line":5,"column":68},"end":{"line":6,"column":4}}]},"7":{"type":"branch","line":6,"loc":{"start":{"line":6,"column":6},"end":{"line":7,"column":28}},"locations":[{"start":{"line":6,"column":6},"end":{"line":7,"column":28}}]},"8":{"type":"branch","line":7,"loc":{"start":{"line":7,"column":28},"end":{"line":8,"column":0}},"locations":[{"start":{"line":7,"column":28},"end":{"line":8,"column":0}}]},"9":{"type":"branch","line":8,"loc":{"start":{"line":8,"column":0},"end":{"line":8,"column":26}},"locations":[{"start":{"line":8,"column":0},"end":{"line":8,"column":26}}]},"10":{"type":"branch","line":8,"loc":{"start":{"line":8,"column":28},"end":{"line":11,"column":27}},"locations":[{"start":{"line":8,"column":28},"end":{"line":11,"column":27}}]},"11":{"type":"branch","line":11,"loc":{"start":{"line":11,"column":27},"end":{"line":11,"column":62}},"locations":[{"start":{"line":11,"column":27},"end":{"line":11,"column":62}}]},"12":{"type":"branch","line":11,"loc":{"start":{"line":11,"column":62},"end":{"line":12,"column":35}},"locations":[{"start":{"line":11,"column":62},"end":{"line":12,"column":35}}]},"13":{"type":"branch","line":12,"loc":{"start":{"line":12,"column":42},"end":{"line":15,"column":46}},"locations":[{"start":{"line":12,"column":42},"end":{"line":15,"column":46}}]},"14":{"type":"branch","line":16,"loc":{"start":{"line":16,"column":7},"end":{"line":25,"column":5}},"locations":[{"start":{"line":16,"column":7},"end":{"line":25,"column":5}}]}},"b":{"0":[1],"1":[2],"2":[3],"3":[1],"4":[25],"5":[9],"6":[4],"7":[2],"8":[7],"9":[5],"10":[5],"11":[2],"12":[1],"13":[1],"14":[2]},"fnMap":{"0":{"name":"compareToObj","decl":{"start":{"line":1,"column":0},"end":{"line":15,"column":59}},"loc":{"start":{"line":1,"column":0},"end":{"line":15,"column":59}},"line":1},"1":{"name":"addMinus","decl":{"start":{"line":1,"column":17},"end":{"line":1,"column":40}},"loc":{"start":{"line":1,"column":17},"end":{"line":1,"column":40}},"line":1},"2":{"name":"addSpace","decl":{"start":{"line":2,"column":17},"end":{"line":2,"column":39}},"loc":{"start":{"line":2,"column":17},"end":{"line":2,"column":39}},"line":2},"3":{"name":"hasOwnProperty","decl":{"start":{"line":3,"column":23},"end":{"line":5,"column":0}},"loc":{"start":{"line":3,"column":23},"end":{"line":5,"column":0}},"line":3},"4":{"name":"default","decl":{"start":{"line":16,"column":7},"end":{"line":25,"column":5}},"loc":{"start":{"line":16,"column":7},"end":{"line":25,"column":5}},"line":16}},"f":{"0":2,"1":3,"2":1,"3":25,"4":2}}
}
