TN:
SF:src/lib/comparator.js
FN:1,compareToObj
FN:1,addMinus
FN:2,addSpace
FN:3,hasOwnProperty
FN:16,default
FNF:5
FNH:5
FNDA:2,compareToObj
FNDA:3,addMinus
FNDA:1,addSpace
FNDA:25,hasOwnProperty
FNDA:2,default
DA:1,2
DA:2,2
DA:3,2
DA:4,25
DA:5,2
DA:6,9
DA:7,9
DA:8,9
DA:9,5
DA:10,5
DA:11,9
DA:12,9
DA:13,1
DA:14,1
DA:15,1
DA:16,1
DA:17,2
DA:18,2
DA:19,2
DA:20,2
DA:21,2
DA:22,2
DA:23,2
DA:24,2
DA:25,1
DA:26,1
DA:27,1
LF:27
LH:27
BRDA:1,0,0,1
BRDA:1,1,0,2
BRDA:1,2,0,3
BRDA:2,3,0,1
BRDA:3,4,0,25
BRDA:5,5,0,9
BRDA:5,6,0,4
BRDA:6,7,0,2
BRDA:7,8,0,7
BRDA:8,9,0,5
BRDA:8,10,0,5
BRDA:11,11,0,2
BRDA:11,12,0,1
BRDA:12,13,0,1
BRDA:16,14,0,2
BRF:15
BRH:15
end_of_record
